[debug] [2022-01-14T19:58:16.358Z] ----------------------------------------------------------------------
[debug] [2022-01-14T19:58:16.360Z] Command:       /Users/ericolszewski/.nvm/versions/node/v14.17.6/bin/node /Users/ericolszewski/.nvm/versions/node/v14.17.6/bin/firebase emulators:start
[debug] [2022-01-14T19:58:16.360Z] CLI Version:   10.1.0
[debug] [2022-01-14T19:58:16.360Z] Platform:      darwin
[debug] [2022-01-14T19:58:16.360Z] Node Version:  v14.17.6
[debug] [2022-01-14T19:58:16.361Z] Time:          Fri Jan 14 2022 13:58:16 GMT-0600 (Central Standard Time)
[debug] [2022-01-14T19:58:16.361Z] ----------------------------------------------------------------------
[debug] 
[debug] [2022-01-14T19:58:16.398Z] > command requires scopes: ["email","openid","https://www.googleapis.com/auth/cloudplatformprojects.readonly","https://www.googleapis.com/auth/firebase","https://www.googleapis.com/auth/cloud-platform"]
[debug] [2022-01-14T19:58:16.398Z] > authorizing via signed-in user (eolszewski@gmail.com)
[info] i  emulators: Starting emulators: functions {"metadata":{"emulator":{"name":"hub"},"message":"Starting emulators: functions"}}
[debug] [2022-01-14T19:58:16.407Z] [hub] writing locator at /var/folders/8k/0dlq7vq54sx50qzp72bh4r540000gn/T/hub-composeart-f9a7a.json
[warn] ⚠  functions: The following emulators are not running, calls to these services from the Functions emulator will affect production: auth, firestore, database, hosting, pubsub, storage {"metadata":{"emulator":{"name":"functions"},"message":"The following emulators are not running, calls to these services from the Functions emulator will affect production: \u001b[1mauth, firestore, database, hosting, pubsub, storage\u001b[22m"}}
[warn] ⚠  Your requested "node" version ">=12" doesn't match your global version "14" {"metadata":{"emulator":{"name":"functions"},"message":"Your requested \"node\" version \">=12\" doesn't match your global version \"14\""}}
[warn] ⚠  functions: Your GOOGLE_APPLICATION_CREDENTIALS environment variable points to /Users/ericolszewski/Developer/LMNOP/keys/serviceAccountKeyProd.json. Non-emulated services will access production using these credentials. Be careful! {"metadata":{"emulator":{"name":"functions"},"message":"Your GOOGLE_APPLICATION_CREDENTIALS environment variable points to /Users/ericolszewski/Developer/LMNOP/keys/serviceAccountKeyProd.json. Non-emulated services will access production using these credentials. Be careful!"}}
[debug] [2022-01-14T19:58:16.420Z] >>> [apiv2][query] GET https://firebase.googleapis.com/v1beta1/projects/composeart-f9a7a/adminSdkConfig [none]
[debug] [2022-01-14T19:58:16.610Z] <<< [apiv2][status] GET https://firebase.googleapis.com/v1beta1/projects/composeart-f9a7a/adminSdkConfig 200
[debug] [2022-01-14T19:58:16.610Z] <<< [apiv2][body] GET https://firebase.googleapis.com/v1beta1/projects/composeart-f9a7a/adminSdkConfig {"projectId":"composeart-f9a7a","storageBucket":"composeart-f9a7a.appspot.com","locationId":"us-central"}
[debug] [2022-01-14T19:58:16.888Z] Ignoring unsupported arg: auto_download {"metadata":{"emulator":{"name":"ui"},"message":"Ignoring unsupported arg: auto_download"}}
[debug] [2022-01-14T19:58:16.889Z] Ignoring unsupported arg: port {"metadata":{"emulator":{"name":"ui"},"message":"Ignoring unsupported arg: port"}}
[debug] [2022-01-14T19:58:16.889Z] Starting Emulator UI with command {"binary":"node","args":["/Users/ericolszewski/.cache/firebase/emulators/ui-v1.6.4/server.bundle.js"],"optionalArgs":[],"joinArgs":false} {"metadata":{"emulator":{"name":"ui"},"message":"Starting Emulator UI with command {\"binary\":\"node\",\"args\":[\"/Users/ericolszewski/.cache/firebase/emulators/ui-v1.6.4/server.bundle.js\"],\"optionalArgs\":[],\"joinArgs\":false}"}}
[info] i  ui: Emulator UI logging to ui-debug.log {"metadata":{"emulator":{"name":"ui"},"message":"Emulator UI logging to \u001b[1mui-debug.log\u001b[22m"}}
[debug] [2022-01-14T19:58:16.968Z] Web / API server started at localhost:4000
 {"metadata":{"emulator":{"name":"ui"},"message":"Web / API server started at localhost:4000\n"}}
[info] i  functions: Watching "/Users/ericolszewski/Developer/NFT/backend/functions" for Cloud Functions... {"metadata":{"emulator":{"name":"functions"},"message":"Watching \"/Users/ericolszewski/Developer/NFT/backend/functions\" for Cloud Functions..."}}
[debug] [2022-01-14T19:58:17.160Z] [worker-pool] addWorker(~diagnostic~) {"metadata":{"emulator":{"name":"functions"},"message":"[worker-pool] addWorker(~diagnostic~)"}}
[debug] [2022-01-14T19:58:17.160Z] [worker-pool] Adding worker with key ~diagnostic~, total=1 {"metadata":{"emulator":{"name":"functions"},"message":"[worker-pool] Adding worker with key ~diagnostic~, total=1"}}
[debug] [2022-01-14T19:58:17.160Z] [worker-pool] submitWork(triggerId=) {"metadata":{"emulator":{"name":"functions"},"message":"[worker-pool] submitWork(triggerId=)"}}
[debug] [2022-01-14T19:58:17.161Z] [worker-~diagnostic~-e64a1482-ee85-44d4-acae-28b23169c86e]: Assigning socketPath: /var/folders/8k/0dlq7vq54sx50qzp72bh4r540000gn/T/fire_emu_49817.sock {"metadata":{"emulator":{"name":"functions"},"message":"[worker-~diagnostic~-e64a1482-ee85-44d4-acae-28b23169c86e]: Assigning socketPath: /var/folders/8k/0dlq7vq54sx50qzp72bh4r540000gn/T/fire_emu_49817.sock"}}
[debug] [2022-01-14T19:58:17.161Z] [worker-~diagnostic~-e64a1482-ee85-44d4-acae-28b23169c86e]: BUSY {"metadata":{"emulator":{"name":"functions"},"message":"[worker-~diagnostic~-e64a1482-ee85-44d4-acae-28b23169c86e]: BUSY"}}
[debug] [2022-01-14T19:58:17.274Z] [runtime-status] [49817] Functions runtime initialized. {"cwd":"/Users/ericolszewski/Developer/NFT/backend/functions","node_version":"14.17.6"} {"metadata":{"emulator":{"name":"functions"},"message":"[runtime-status] [49817] Functions runtime initialized. {\"cwd\":\"/Users/ericolszewski/Developer/NFT/backend/functions\",\"node_version\":\"14.17.6\"}"}}
[debug] [2022-01-14T19:58:17.274Z] [runtime-status] [49817] Disabled runtime features: undefined {"metadata":{"emulator":{"name":"functions"},"message":"[runtime-status] [49817] Disabled runtime features: undefined"}}
[debug] [2022-01-14T19:58:17.275Z] [runtime-status] [49817] Resolved module firebase-admin {"declared":true,"installed":true,"version":"9.8.0","resolution":"/Users/ericolszewski/Developer/NFT/backend/functions/node_modules/firebase-admin/lib/index.js"} {"metadata":{"emulator":{"name":"functions"},"message":"[runtime-status] [49817] Resolved module firebase-admin {\"declared\":true,\"installed\":true,\"version\":\"9.8.0\",\"resolution\":\"/Users/ericolszewski/Developer/NFT/backend/functions/node_modules/firebase-admin/lib/index.js\"}"}}
[debug] [2022-01-14T19:58:17.276Z] [runtime-status] [49817] Resolved module firebase-functions {"declared":true,"installed":true,"version":"3.14.1","resolution":"/Users/ericolszewski/Developer/NFT/backend/functions/node_modules/firebase-functions/lib/index.js"} {"metadata":{"emulator":{"name":"functions"},"message":"[runtime-status] [49817] Resolved module firebase-functions {\"declared\":true,\"installed\":true,\"version\":\"3.14.1\",\"resolution\":\"/Users/ericolszewski/Developer/NFT/backend/functions/node_modules/firebase-functions/lib/index.js\"}"}}
[debug] [2022-01-14T19:58:17.277Z] [runtime-status] [49817] Outgoing network have been stubbed. [{"name":"http","status":"mocked"},{"name":"http","status":"mocked"},{"name":"https","status":"mocked"},{"name":"https","status":"mocked"},{"name":"net","status":"mocked"}] {"metadata":{"emulator":{"name":"functions"},"message":"[runtime-status] [49817] Outgoing network have been stubbed. [{\"name\":\"http\",\"status\":\"mocked\"},{\"name\":\"http\",\"status\":\"mocked\"},{\"name\":\"https\",\"status\":\"mocked\"},{\"name\":\"https\",\"status\":\"mocked\"},{\"name\":\"net\",\"status\":\"mocked\"}]"}}
[debug] [2022-01-14T19:58:17.278Z] [runtime-status] [49817] Resolved module firebase-functions {"declared":true,"installed":true,"version":"3.14.1","resolution":"/Users/ericolszewski/Developer/NFT/backend/functions/node_modules/firebase-functions/lib/index.js"} {"metadata":{"emulator":{"name":"functions"},"message":"[runtime-status] [49817] Resolved module firebase-functions {\"declared\":true,\"installed\":true,\"version\":\"3.14.1\",\"resolution\":\"/Users/ericolszewski/Developer/NFT/backend/functions/node_modules/firebase-functions/lib/index.js\"}"}}
[debug] [2022-01-14T19:58:17.302Z] [runtime-status] [49817] Checked functions.config() {"config":{}} {"metadata":{"emulator":{"name":"functions"},"message":"[runtime-status] [49817] Checked functions.config() {\"config\":{}}"}}
[debug] [2022-01-14T19:58:17.302Z] [runtime-status] [49817] firebase-functions has been stubbed. {"functionsResolution":{"declared":true,"installed":true,"version":"3.14.1","resolution":"/Users/ericolszewski/Developer/NFT/backend/functions/node_modules/firebase-functions/lib/index.js"}} {"metadata":{"emulator":{"name":"functions"},"message":"[runtime-status] [49817] firebase-functions has been stubbed. {\"functionsResolution\":{\"declared\":true,\"installed\":true,\"version\":\"3.14.1\",\"resolution\":\"/Users/ericolszewski/Developer/NFT/backend/functions/node_modules/firebase-functions/lib/index.js\"}}"}}
[debug] [2022-01-14T19:58:17.302Z] [runtime-status] [49817] Resolved module firebase-functions {"declared":true,"installed":true,"version":"3.14.1","resolution":"/Users/ericolszewski/Developer/NFT/backend/functions/node_modules/firebase-functions/lib/index.js"} {"metadata":{"emulator":{"name":"functions"},"message":"[runtime-status] [49817] Resolved module firebase-functions {\"declared\":true,\"installed\":true,\"version\":\"3.14.1\",\"resolution\":\"/Users/ericolszewski/Developer/NFT/backend/functions/node_modules/firebase-functions/lib/index.js\"}"}}
[debug] [2022-01-14T19:58:17.303Z] [runtime-status] [49817] Resolved module firebase-admin {"declared":true,"installed":true,"version":"9.8.0","resolution":"/Users/ericolszewski/Developer/NFT/backend/functions/node_modules/firebase-admin/lib/index.js"} {"metadata":{"emulator":{"name":"functions"},"message":"[runtime-status] [49817] Resolved module firebase-admin {\"declared\":true,\"installed\":true,\"version\":\"9.8.0\",\"resolution\":\"/Users/ericolszewski/Developer/NFT/backend/functions/node_modules/firebase-admin/lib/index.js\"}"}}
[debug] [2022-01-14T19:58:17.304Z] [runtime-status] [49817] Resolved module firebase-functions {"declared":true,"installed":true,"version":"3.14.1","resolution":"/Users/ericolszewski/Developer/NFT/backend/functions/node_modules/firebase-functions/lib/index.js"} {"metadata":{"emulator":{"name":"functions"},"message":"[runtime-status] [49817] Resolved module firebase-functions {\"declared\":true,\"installed\":true,\"version\":\"3.14.1\",\"resolution\":\"/Users/ericolszewski/Developer/NFT/backend/functions/node_modules/firebase-functions/lib/index.js\"}"}}
[debug] [2022-01-14T19:58:17.304Z] [runtime-status] [49817] firebase-admin has been stubbed. {"adminResolution":{"declared":true,"installed":true,"version":"9.8.0","resolution":"/Users/ericolszewski/Developer/NFT/backend/functions/node_modules/firebase-admin/lib/index.js"}} {"metadata":{"emulator":{"name":"functions"},"message":"[runtime-status] [49817] firebase-admin has been stubbed. {\"adminResolution\":{\"declared\":true,\"installed\":true,\"version\":\"9.8.0\",\"resolution\":\"/Users/ericolszewski/Developer/NFT/backend/functions/node_modules/firebase-admin/lib/index.js\"}}"}}
[warn] ⚠  It looks like you're trying to access functions.config().firebase but there is no value there. You can learn more about setting up config here: https://firebase.google.com/docs/functions/local-emulator {"metadata":{"emulator":{"name":"functions"},"message":"It looks like you're trying to access functions.config().firebase but there is no value there. You can learn more about setting up config here: https://firebase.google.com/docs/functions/local-emulator"}}
[debug] [2022-01-14T19:58:17.437Z] [runtime-status] [49817] initializeApp(DEFAULT) {"storageBucket":"composeart-f9a7a.appspot.com","projectId":"composeart-f9a7a"} {"metadata":{"emulator":{"name":"functions"},"message":"[runtime-status] [49817] initializeApp(DEFAULT) {\"storageBucket\":\"composeart-f9a7a.appspot.com\",\"projectId\":\"composeart-f9a7a\"}"}}
[info] i  functions[us-central1-writeDeathGamesCollectionPlayers]: function ignored because the firestore emulator does not exist or is not running. {"metadata":{"emulator":{"name":"functions"},"message":"function ignored because the firestore emulator does not exist or is not running."}}
[info] ✔  functions[us-central1-simulateFight]: http function initialized (http://localhost:5001/composeart-f9a7a/us-central1/simulateFight). {"metadata":{"emulator":{"name":"functions"},"message":"\u001b[1mhttp\u001b[22m function initialized (http://localhost:5001/composeart-f9a7a/us-central1/simulateFight)."}}
[info] 
┌─────────────────────────────────────────────────────────────┐
│ ✔  All emulators ready! It is now safe to connect your app. │
│ i  View Emulator UI at http://localhost:4000                │
└─────────────────────────────────────────────────────────────┘

┌───────────┬────────────────┬─────────────────────────────────┐
│ Emulator  │ Host:Port      │ View in Emulator UI             │
├───────────┼────────────────┼─────────────────────────────────┤
│ Functions │ localhost:5001 │ http://localhost:4000/functions │
└───────────┴────────────────┴─────────────────────────────────┘
  Emulator Hub running at localhost:4400
  Other reserved ports: 4500

Issues? Report them at https://github.com/firebase/firebase-tools/issues and attach the *-debug.log files.
 
[debug] [2022-01-14T19:58:17.442Z] [worker-~diagnostic~-e64a1482-ee85-44d4-acae-28b23169c86e]: IDLE {"metadata":{"emulator":{"name":"functions"},"message":"[worker-~diagnostic~-e64a1482-ee85-44d4-acae-28b23169c86e]: IDLE"}}
[debug] [2022-01-14T19:58:22.563Z] [work-queue] {"queueLength":1,"workRunningCount":0}
[debug] [2022-01-14T19:58:22.563Z] [work-queue] {"queueLength":0,"workRunningCount":1}
[debug] [2022-01-14T19:58:22.563Z] Accepted request POST /composeart-f9a7a/us-central1/simulateFight --> us-central1-simulateFight
[debug] [2022-01-14T19:58:22.567Z] [worker-pool] addWorker(us-central1-simulateFight) {"metadata":{"emulator":{"name":"functions"},"message":"[worker-pool] addWorker(us-central1-simulateFight)"}}
[debug] [2022-01-14T19:58:22.567Z] [worker-pool] Adding worker with key us-central1-simulateFight, total=1 {"metadata":{"emulator":{"name":"functions"},"message":"[worker-pool] Adding worker with key us-central1-simulateFight, total=1"}}
[debug] [2022-01-14T19:58:22.567Z] [worker-pool] submitWork(triggerId=us-central1-simulateFight) {"metadata":{"emulator":{"name":"functions"},"message":"[worker-pool] submitWork(triggerId=us-central1-simulateFight)"}}
[debug] [2022-01-14T19:58:22.567Z] [worker-us-central1-simulateFight-dbb3c730-97a6-43ae-93b2-13c3d092dfb5]: Assigning socketPath: /var/folders/8k/0dlq7vq54sx50qzp72bh4r540000gn/T/fire_emu_49822.sock {"metadata":{"emulator":{"name":"functions"},"message":"[worker-us-central1-simulateFight-dbb3c730-97a6-43ae-93b2-13c3d092dfb5]: Assigning socketPath: /var/folders/8k/0dlq7vq54sx50qzp72bh4r540000gn/T/fire_emu_49822.sock"}}
[debug] [2022-01-14T19:58:22.568Z] [worker-us-central1-simulateFight-dbb3c730-97a6-43ae-93b2-13c3d092dfb5]: BUSY {"metadata":{"emulator":{"name":"functions"},"message":"[worker-us-central1-simulateFight-dbb3c730-97a6-43ae-93b2-13c3d092dfb5]: BUSY"}}
[debug] [2022-01-14T19:58:22.664Z] [runtime-status] [49822] Functions runtime initialized. {"cwd":"/Users/ericolszewski/Developer/NFT/backend/functions","node_version":"14.17.6"} {"metadata":{"emulator":{"name":"functions"},"function":{"name":"us-central1-simulateFight"},"message":"[runtime-status] [49822] Functions runtime initialized. {\"cwd\":\"/Users/ericolszewski/Developer/NFT/backend/functions\",\"node_version\":\"14.17.6\"}"}}
[debug] [2022-01-14T19:58:22.665Z] [runtime-status] [49822] Disabled runtime features: undefined {"metadata":{"emulator":{"name":"functions"},"function":{"name":"us-central1-simulateFight"},"message":"[runtime-status] [49822] Disabled runtime features: undefined"}}
[debug] [2022-01-14T19:58:22.666Z] [runtime-status] [49822] Resolved module firebase-admin {"declared":true,"installed":true,"version":"9.8.0","resolution":"/Users/ericolszewski/Developer/NFT/backend/functions/node_modules/firebase-admin/lib/index.js"} {"metadata":{"emulator":{"name":"functions"},"function":{"name":"us-central1-simulateFight"},"message":"[runtime-status] [49822] Resolved module firebase-admin {\"declared\":true,\"installed\":true,\"version\":\"9.8.0\",\"resolution\":\"/Users/ericolszewski/Developer/NFT/backend/functions/node_modules/firebase-admin/lib/index.js\"}"}}
[debug] [2022-01-14T19:58:22.667Z] [runtime-status] [49822] Resolved module firebase-functions {"declared":true,"installed":true,"version":"3.14.1","resolution":"/Users/ericolszewski/Developer/NFT/backend/functions/node_modules/firebase-functions/lib/index.js"} {"metadata":{"emulator":{"name":"functions"},"function":{"name":"us-central1-simulateFight"},"message":"[runtime-status] [49822] Resolved module firebase-functions {\"declared\":true,\"installed\":true,\"version\":\"3.14.1\",\"resolution\":\"/Users/ericolszewski/Developer/NFT/backend/functions/node_modules/firebase-functions/lib/index.js\"}"}}
[debug] [2022-01-14T19:58:22.668Z] [runtime-status] [49822] Outgoing network have been stubbed. [{"name":"http","status":"mocked"},{"name":"http","status":"mocked"},{"name":"https","status":"mocked"},{"name":"https","status":"mocked"},{"name":"net","status":"mocked"}] {"metadata":{"emulator":{"name":"functions"},"function":{"name":"us-central1-simulateFight"},"message":"[runtime-status] [49822] Outgoing network have been stubbed. [{\"name\":\"http\",\"status\":\"mocked\"},{\"name\":\"http\",\"status\":\"mocked\"},{\"name\":\"https\",\"status\":\"mocked\"},{\"name\":\"https\",\"status\":\"mocked\"},{\"name\":\"net\",\"status\":\"mocked\"}]"}}
[debug] [2022-01-14T19:58:22.669Z] [runtime-status] [49822] Resolved module firebase-functions {"declared":true,"installed":true,"version":"3.14.1","resolution":"/Users/ericolszewski/Developer/NFT/backend/functions/node_modules/firebase-functions/lib/index.js"} {"metadata":{"emulator":{"name":"functions"},"function":{"name":"us-central1-simulateFight"},"message":"[runtime-status] [49822] Resolved module firebase-functions {\"declared\":true,\"installed\":true,\"version\":\"3.14.1\",\"resolution\":\"/Users/ericolszewski/Developer/NFT/backend/functions/node_modules/firebase-functions/lib/index.js\"}"}}
[debug] [2022-01-14T19:58:22.693Z] [runtime-status] [49822] Checked functions.config() {"config":{}} {"metadata":{"emulator":{"name":"functions"},"function":{"name":"us-central1-simulateFight"},"message":"[runtime-status] [49822] Checked functions.config() {\"config\":{}}"}}
[debug] [2022-01-14T19:58:22.693Z] [runtime-status] [49822] firebase-functions has been stubbed. {"functionsResolution":{"declared":true,"installed":true,"version":"3.14.1","resolution":"/Users/ericolszewski/Developer/NFT/backend/functions/node_modules/firebase-functions/lib/index.js"}} {"metadata":{"emulator":{"name":"functions"},"function":{"name":"us-central1-simulateFight"},"message":"[runtime-status] [49822] firebase-functions has been stubbed. {\"functionsResolution\":{\"declared\":true,\"installed\":true,\"version\":\"3.14.1\",\"resolution\":\"/Users/ericolszewski/Developer/NFT/backend/functions/node_modules/firebase-functions/lib/index.js\"}}"}}
[debug] [2022-01-14T19:58:22.693Z] [runtime-status] [49822] Resolved module firebase-functions {"declared":true,"installed":true,"version":"3.14.1","resolution":"/Users/ericolszewski/Developer/NFT/backend/functions/node_modules/firebase-functions/lib/index.js"} {"metadata":{"emulator":{"name":"functions"},"function":{"name":"us-central1-simulateFight"},"message":"[runtime-status] [49822] Resolved module firebase-functions {\"declared\":true,\"installed\":true,\"version\":\"3.14.1\",\"resolution\":\"/Users/ericolszewski/Developer/NFT/backend/functions/node_modules/firebase-functions/lib/index.js\"}"}}
[debug] [2022-01-14T19:58:22.694Z] [runtime-status] [49822] Resolved module firebase-admin {"declared":true,"installed":true,"version":"9.8.0","resolution":"/Users/ericolszewski/Developer/NFT/backend/functions/node_modules/firebase-admin/lib/index.js"} {"metadata":{"emulator":{"name":"functions"},"function":{"name":"us-central1-simulateFight"},"message":"[runtime-status] [49822] Resolved module firebase-admin {\"declared\":true,\"installed\":true,\"version\":\"9.8.0\",\"resolution\":\"/Users/ericolszewski/Developer/NFT/backend/functions/node_modules/firebase-admin/lib/index.js\"}"}}
[debug] [2022-01-14T19:58:22.695Z] [runtime-status] [49822] Resolved module firebase-functions {"declared":true,"installed":true,"version":"3.14.1","resolution":"/Users/ericolszewski/Developer/NFT/backend/functions/node_modules/firebase-functions/lib/index.js"} {"metadata":{"emulator":{"name":"functions"},"function":{"name":"us-central1-simulateFight"},"message":"[runtime-status] [49822] Resolved module firebase-functions {\"declared\":true,\"installed\":true,\"version\":\"3.14.1\",\"resolution\":\"/Users/ericolszewski/Developer/NFT/backend/functions/node_modules/firebase-functions/lib/index.js\"}"}}
[debug] [2022-01-14T19:58:22.695Z] [runtime-status] [49822] firebase-admin has been stubbed. {"adminResolution":{"declared":true,"installed":true,"version":"9.8.0","resolution":"/Users/ericolszewski/Developer/NFT/backend/functions/node_modules/firebase-admin/lib/index.js"}} {"metadata":{"emulator":{"name":"functions"},"function":{"name":"us-central1-simulateFight"},"message":"[runtime-status] [49822] firebase-admin has been stubbed. {\"adminResolution\":{\"declared\":true,\"installed\":true,\"version\":\"9.8.0\",\"resolution\":\"/Users/ericolszewski/Developer/NFT/backend/functions/node_modules/firebase-admin/lib/index.js\"}}"}}
[debug] [2022-01-14T19:58:22.820Z] [runtime-status] [49822] initializeApp(DEFAULT) {"storageBucket":"composeart-f9a7a.appspot.com","projectId":"composeart-f9a7a"} {"metadata":{"emulator":{"name":"functions"},"function":{"name":"us-central1-simulateFight"},"message":"[runtime-status] [49822] initializeApp(DEFAULT) {\"storageBucket\":\"composeart-f9a7a.appspot.com\",\"projectId\":\"composeart-f9a7a\"}"}}
[debug] [2022-01-14T19:58:22.821Z] [runtime-status] [49822] Trigger "us-central1-simulateFight" has been found, beginning invocation! {"metadata":{"emulator":{"name":"functions"},"function":{"name":"us-central1-simulateFight"},"message":"[runtime-status] [49822] Trigger \"us-central1-simulateFight\" has been found, beginning invocation!"}}
[info] i  functions: Beginning execution of "us-central1-simulateFight" {"metadata":{"emulator":{"name":"functions"},"function":{"name":"us-central1-simulateFight"},"message":"Beginning execution of \"us-central1-simulateFight\""}}
[debug] [2022-01-14T19:58:22.822Z] [runtime-status] [49822] triggerDefinition {"regions":["us-central1"],"httpsTrigger":{},"labels":{"deployment-callable":"true"},"name":"simulateFight","entryPoint":"simulateFight","region":"us-central1","id":"us-central1-simulateFight","platform":"gcfv1"} {"metadata":{"emulator":{"name":"functions"},"function":{"name":"us-central1-simulateFight"},"message":"[runtime-status] [49822] triggerDefinition {\"regions\":[\"us-central1\"],\"httpsTrigger\":{},\"labels\":{\"deployment-callable\":\"true\"},\"name\":\"simulateFight\",\"entryPoint\":\"simulateFight\",\"region\":\"us-central1\",\"id\":\"us-central1-simulateFight\",\"platform\":\"gcfv1\"}"}}
[debug] [2022-01-14T19:58:22.822Z] [runtime-status] [49822] Running us-central1-simulateFight in signature http {"metadata":{"emulator":{"name":"functions"},"function":{"name":"us-central1-simulateFight"},"message":"[runtime-status] [49822] Running us-central1-simulateFight in signature http"}}
[debug] [2022-01-14T19:58:22.824Z] [runtime-status] [49822] Attempting to listen to socketPath: /var/folders/8k/0dlq7vq54sx50qzp72bh4r540000gn/T/fire_emu_49822.sock {"metadata":{"emulator":{"name":"functions"},"function":{"name":"us-central1-simulateFight"},"message":"[runtime-status] [49822] Attempting to listen to socketPath: /var/folders/8k/0dlq7vq54sx50qzp72bh4r540000gn/T/fire_emu_49822.sock"}}
[debug] [2022-01-14T19:58:22.827Z] [functions] Runtime ready! Sending request! {"metadata":{"emulator":{"name":"functions"},"message":"[functions] Runtime ready! Sending request!"}}
[debug] [2022-01-14T19:58:22.827Z] [functions] Got req.url=/composeart-f9a7a/us-central1/simulateFight, mapping to path=/ {"metadata":{"emulator":{"name":"functions"},"message":"[functions] Got req.url=/composeart-f9a7a/us-central1/simulateFight, mapping to path=/"}}
[debug] [2022-01-14T19:58:22.838Z] [runtime-status] [49822] Ephemeral server handling POST request {"metadata":{"emulator":{"name":"functions"},"function":{"name":"us-central1-simulateFight"},"message":"[runtime-status] [49822] Ephemeral server handling POST request"}}
[info] >  {"verifications":{"app":"MISSING","auth":"MISSING"},"logging.googleapis.com/labels":{"firebase-log-type":"callable-request-verification"},"severity":"INFO","message":"Callable request verification passed"} {"user":{"verifications":{"app":"MISSING","auth":"MISSING"},"logging.googleapis.com/labels":{"firebase-log-type":"callable-request-verification"},"severity":"INFO","message":"Callable request verification passed"},"metadata":{"emulator":{"name":"functions"},"function":{"name":"us-central1-simulateFight"},"message":"\u001b[90m> \u001b[39m {\"verifications\":{\"app\":\"MISSING\",\"auth\":\"MISSING\"},\"logging.googleapis.com/labels\":{\"firebase-log-type\":\"callable-request-verification\"},\"severity\":\"INFO\",\"message\":\"Callable request verification passed\"}"}}
[debug] [2022-01-14T19:58:22.841Z] [runtime-status] [49822] No callable functions auth found {"metadata":{"emulator":{"name":"functions"},"function":{"name":"us-central1-simulateFight"},"message":"[runtime-status] [49822] No callable functions auth found"}}
[debug] [2022-01-14T19:58:22.910Z] [runtime-status] [49822] Ephemeral server survived. {"metadata":{"emulator":{"name":"functions"},"function":{"name":"us-central1-simulateFight"},"message":"[runtime-status] [49822] Ephemeral server survived."}}
[info] i  functions: Finished "us-central1-simulateFight" in ~1s {"metadata":{"emulator":{"name":"functions"},"function":{"name":"us-central1-simulateFight"},"message":"Finished \"us-central1-simulateFight\" in ~1s"}}
[debug] [2022-01-14T19:58:23.148Z] [worker-us-central1-simulateFight-dbb3c730-97a6-43ae-93b2-13c3d092dfb5]: IDLE {"metadata":{"emulator":{"name":"functions"},"message":"[worker-us-central1-simulateFight-dbb3c730-97a6-43ae-93b2-13c3d092dfb5]: IDLE"}}
[debug] [2022-01-14T19:58:23.148Z] [work-queue] {"queueLength":0,"workRunningCount":0}
